<?xml version="1.0" encoding="UTF-8"?>
<coverage generated="1598465144604" clover="3.2.0">
  <project timestamp="1598465144605" name="All files">
    <metrics statements="233" coveredstatements="213" conditionals="55" coveredconditionals="27" methods="21" coveredmethods="21" elements="309" coveredelements="261" complexity="0" loc="233" ncloc="233" packages="3" files="7" classes="7"/>
    <package name="src">
      <metrics statements="83" coveredstatements="74" conditionals="24" coveredconditionals="16" methods="6" coveredmethods="6"/>
      <file name="index.ts" path="/Users/fuzzcore/Desktop/fuzznets/fuzzcard/npm-packages/nodejs-cryptokit/src/index.ts">
        <metrics statements="83" coveredstatements="74" conditionals="24" coveredconditionals="16" methods="6" coveredmethods="6"/>
        <line num="1" count="3" type="stmt"/>
        <line num="3" count="3" type="stmt"/>
        <line num="4" count="3" type="stmt"/>
        <line num="5" count="3" type="stmt"/>
        <line num="7" count="3" type="stmt"/>
        <line num="8" count="3" type="stmt"/>
        <line num="14" count="3" type="stmt"/>
        <line num="16" count="2" type="cond" truecount="1" falsecount="1"/>
        <line num="17" count="2" type="stmt"/>
        <line num="19" count="0" type="stmt"/>
        <line num="22" count="2" type="stmt"/>
        <line num="23" count="2" type="stmt"/>
        <line num="25" count="2" type="stmt"/>
        <line num="27" count="0" type="stmt"/>
        <line num="31" count="3" type="stmt"/>
        <line num="33" count="4" type="cond" truecount="1" falsecount="1"/>
        <line num="34" count="4" type="stmt"/>
        <line num="36" count="0" type="stmt"/>
        <line num="40" count="4" type="cond" truecount="1" falsecount="1"/>
        <line num="41" count="4" type="stmt"/>
        <line num="43" count="0" type="stmt"/>
        <line num="46" count="4" type="stmt"/>
        <line num="48" count="4" type="stmt"/>
        <line num="51" count="3" type="stmt"/>
        <line num="53" count="18" type="cond" truecount="1" falsecount="1"/>
        <line num="54" count="18" type="stmt"/>
        <line num="56" count="0" type="stmt"/>
        <line num="60" count="18" type="cond" truecount="2" falsecount="0"/>
        <line num="61" count="6" type="stmt"/>
        <line num="62" count="12" type="cond" truecount="2" falsecount="0"/>
        <line num="63" count="6" type="stmt"/>
        <line num="65" count="6" type="stmt"/>
        <line num="68" count="18" type="stmt"/>
        <line num="70" count="18" type="stmt"/>
        <line num="71" count="18" type="stmt"/>
        <line num="72" count="18" type="stmt"/>
        <line num="73" count="18" type="stmt"/>
        <line num="74" count="1464" type="stmt"/>
        <line num="75" count="1464" type="stmt"/>
        <line num="76" count="1464" type="cond" truecount="2" falsecount="0"/>
        <line num="77" count="6" type="stmt"/>
        <line num="78" count="6" type="stmt"/>
        <line num="79" count="6" type="stmt"/>
        <line num="82" count="18" type="cond" truecount="1" falsecount="1"/>
        <line num="83" count="18" type="stmt"/>
        <line num="85" count="18" type="stmt"/>
        <line num="87" count="18" type="stmt"/>
        <line num="88" count="18" type="stmt"/>
        <line num="90" count="18" type="stmt"/>
        <line num="92" count="0" type="stmt"/>
        <line num="101" count="4" type="stmt"/>
        <line num="104" count="4" type="cond" truecount="2" falsecount="0"/>
        <line num="105" count="2" type="cond" truecount="1" falsecount="1"/>
        <line num="106" count="0" type="stmt"/>
        <line num="107" count="2" type="cond" truecount="1" falsecount="1"/>
        <line num="108" count="2" type="stmt"/>
        <line num="110" count="0" type="stmt"/>
        <line num="113" count="2" type="stmt"/>
        <line num="116" count="4" type="stmt"/>
        <line num="122" count="4" type="stmt"/>
        <line num="125" count="3" type="stmt"/>
        <line num="126" count="3" type="stmt"/>
        <line num="128" count="3" type="stmt"/>
        <line num="133" count="2" type="stmt"/>
        <line num="135" count="2" type="stmt"/>
        <line num="136" count="2" type="stmt"/>
        <line num="139" count="2" type="stmt"/>
        <line num="140" count="2" type="stmt"/>
        <line num="141" count="2" type="stmt"/>
        <line num="143" count="2" type="stmt"/>
        <line num="146" count="3" type="stmt"/>
        <line num="153" count="2" type="cond" truecount="1" falsecount="1"/>
        <line num="154" count="2" type="stmt"/>
        <line num="156" count="0" type="stmt"/>
        <line num="159" count="2" type="stmt"/>
        <line num="161" count="2" type="stmt"/>
        <line num="162" count="2" type="stmt"/>
        <line num="163" count="2" type="stmt"/>
        <line num="164" count="2" type="stmt"/>
        <line num="165" count="2" type="stmt"/>
        <line num="168" count="2" type="stmt"/>
        <line num="169" count="2" type="stmt"/>
        <line num="171" count="2" type="stmt"/>
      </file>
    </package>
    <package name="src.utils">
      <metrics statements="109" coveredstatements="109" conditionals="6" coveredconditionals="3" methods="9" coveredmethods="9"/>
      <file name="Ed25519.ts" path="/Users/fuzzcore/Desktop/fuzznets/fuzzcard/npm-packages/nodejs-cryptokit/src/utils/Ed25519.ts">
        <metrics statements="41" coveredstatements="41" conditionals="2" coveredconditionals="1" methods="3" coveredmethods="3"/>
        <line num="1" count="4" type="stmt"/>
        <line num="2" count="4" type="stmt"/>
        <line num="3" count="4" type="stmt"/>
        <line num="12" count="4" type="stmt"/>
        <line num="14" count="4" type="stmt"/>
        <line num="15" count="4" type="stmt"/>
        <line num="17" count="4" type="stmt"/>
        <line num="18" count="1" type="cond" truecount="1" falsecount="1"/>
        <line num="19" count="1" type="stmt"/>
        <line num="22" count="1" type="stmt"/>
        <line num="23" count="1" type="stmt"/>
        <line num="28" count="1" type="stmt"/>
        <line num="39" count="1" type="stmt"/>
        <line num="40" count="1" type="stmt"/>
        <line num="41" count="1" type="stmt"/>
        <line num="42" count="1" type="stmt"/>
        <line num="44" count="1" type="stmt"/>
        <line num="45" count="1" type="stmt"/>
        <line num="47" count="1" type="stmt"/>
        <line num="48" count="1" type="stmt"/>
        <line num="49" count="1" type="stmt"/>
        <line num="51" count="1" type="stmt"/>
        <line num="54" count="4" type="stmt"/>
        <line num="55" count="2" type="stmt"/>
        <line num="59" count="2" type="stmt"/>
        <line num="60" count="2" type="stmt"/>
        <line num="61" count="2" type="stmt"/>
        <line num="62" count="2" type="stmt"/>
        <line num="63" count="2" type="stmt"/>
        <line num="64" count="2" type="stmt"/>
        <line num="65" count="2" type="stmt"/>
        <line num="66" count="2" type="stmt"/>
        <line num="67" count="2" type="stmt"/>
        <line num="69" count="2" type="stmt"/>
        <line num="72" count="4" type="stmt"/>
        <line num="73" count="2" type="stmt"/>
        <line num="74" count="2" type="stmt"/>
        <line num="76" count="2" type="stmt"/>
        <line num="80" count="4" type="stmt"/>
        <line num="81" count="4" type="stmt"/>
        <line num="82" count="4" type="stmt"/>
      </file>
      <file name="P256.ts" path="/Users/fuzzcore/Desktop/fuzznets/fuzzcard/npm-packages/nodejs-cryptokit/src/utils/P256.ts">
        <metrics statements="26" coveredstatements="26" conditionals="2" coveredconditionals="1" methods="3" coveredmethods="3"/>
        <line num="1" count="4" type="stmt"/>
        <line num="2" count="4" type="stmt"/>
        <line num="3" count="4" type="stmt"/>
        <line num="4" count="4" type="stmt"/>
        <line num="6" count="4" type="stmt"/>
        <line num="8" count="4" type="stmt"/>
        <line num="9" count="1" type="cond" truecount="1" falsecount="1"/>
        <line num="10" count="1" type="stmt"/>
        <line num="13" count="1" type="stmt"/>
        <line num="27" count="1" type="stmt"/>
        <line num="28" count="1" type="stmt"/>
        <line num="30" count="1" type="stmt"/>
        <line num="31" count="1" type="stmt"/>
        <line num="32" count="1" type="stmt"/>
        <line num="34" count="1" type="stmt"/>
        <line num="37" count="4" type="stmt"/>
        <line num="38" count="3" type="stmt"/>
        <line num="39" count="3" type="stmt"/>
        <line num="46" count="3" type="stmt"/>
        <line num="49" count="4" type="stmt"/>
        <line num="50" count="2" type="stmt"/>
        <line num="51" count="2" type="stmt"/>
        <line num="53" count="2" type="stmt"/>
        <line num="57" count="4" type="stmt"/>
        <line num="85" count="4" type="stmt"/>
        <line num="86" count="4" type="stmt"/>
      </file>
      <file name="X25519.ts" path="/Users/fuzzcore/Desktop/fuzznets/fuzzcard/npm-packages/nodejs-cryptokit/src/utils/X25519.ts">
        <metrics statements="42" coveredstatements="42" conditionals="2" coveredconditionals="1" methods="3" coveredmethods="3"/>
        <line num="1" count="4" type="stmt"/>
        <line num="2" count="4" type="stmt"/>
        <line num="3" count="4" type="stmt"/>
        <line num="4" count="4" type="stmt"/>
        <line num="6" count="4" type="stmt"/>
        <line num="8" count="4" type="stmt"/>
        <line num="9" count="4" type="stmt"/>
        <line num="11" count="4" type="stmt"/>
        <line num="12" count="1" type="cond" truecount="1" falsecount="1"/>
        <line num="13" count="1" type="stmt"/>
        <line num="16" count="1" type="stmt"/>
        <line num="17" count="1" type="stmt"/>
        <line num="22" count="1" type="stmt"/>
        <line num="24" count="1" type="stmt"/>
        <line num="25" count="1" type="stmt"/>
        <line num="26" count="1" type="stmt"/>
        <line num="27" count="1" type="stmt"/>
        <line num="29" count="1" type="stmt"/>
        <line num="30" count="1" type="stmt"/>
        <line num="32" count="1" type="stmt"/>
        <line num="33" count="1" type="stmt"/>
        <line num="34" count="1" type="stmt"/>
        <line num="36" count="1" type="stmt"/>
        <line num="39" count="4" type="stmt"/>
        <line num="40" count="3" type="stmt"/>
        <line num="44" count="3" type="stmt"/>
        <line num="45" count="3" type="stmt"/>
        <line num="46" count="3" type="stmt"/>
        <line num="47" count="3" type="stmt"/>
        <line num="48" count="3" type="stmt"/>
        <line num="49" count="3" type="stmt"/>
        <line num="50" count="3" type="stmt"/>
        <line num="51" count="3" type="stmt"/>
        <line num="52" count="3" type="stmt"/>
        <line num="56" count="3" type="stmt"/>
        <line num="59" count="4" type="stmt"/>
        <line num="60" count="1" type="stmt"/>
        <line num="61" count="1" type="stmt"/>
        <line num="63" count="1" type="stmt"/>
        <line num="67" count="4" type="stmt"/>
        <line num="68" count="4" type="stmt"/>
        <line num="69" count="4" type="stmt"/>
      </file>
    </package>
    <package name="src.utils.funcs">
      <metrics statements="41" coveredstatements="30" conditionals="25" coveredconditionals="8" methods="6" coveredmethods="6"/>
      <file name="diffieHellman.js" path="/Users/fuzzcore/Desktop/fuzznets/fuzzcard/npm-packages/nodejs-cryptokit/src/utils/funcs/diffieHellman.js">
        <metrics statements="3" coveredstatements="3" conditionals="0" coveredconditionals="0" methods="1" coveredmethods="1"/>
        <line num="1" count="3" type="stmt"/>
        <line num="3" count="3" type="stmt"/>
        <line num="4" count="4" type="stmt"/>
      </file>
      <file name="generateX25519.js" path="/Users/fuzzcore/Desktop/fuzznets/fuzzcard/npm-packages/nodejs-cryptokit/src/utils/funcs/generateX25519.js">
        <metrics statements="3" coveredstatements="3" conditionals="0" coveredconditionals="0" methods="1" coveredmethods="1"/>
        <line num="1" count="4" type="stmt"/>
        <line num="3" count="4" type="stmt"/>
        <line num="4" count="1" type="stmt"/>
      </file>
      <file name="hkdf.ts" path="/Users/fuzzcore/Desktop/fuzznets/fuzzcard/npm-packages/nodejs-cryptokit/src/utils/funcs/hkdf.ts">
        <metrics statements="35" coveredstatements="24" conditionals="25" coveredconditionals="8" methods="4" coveredmethods="4"/>
        <line num="1" count="3" type="stmt"/>
        <line num="3" count="3" type="stmt"/>
        <line num="4" count="4" type="stmt"/>
        <line num="6" count="4" type="stmt"/>
        <line num="8" count="0" type="stmt"/>
        <line num="10" count="0" type="stmt"/>
        <line num="12" count="0" type="stmt"/>
        <line num="14" count="0" type="stmt"/>
        <line num="16" count="0" type="stmt"/>
        <line num="18" count="0" type="stmt"/>
        <line num="20" count="0" type="stmt"/>
        <line num="22" count="0" type="stmt"/>
        <line num="24" count="0" type="stmt"/>
        <line num="27" count="0" type="stmt"/>
        <line num="33" count="4" type="cond" truecount="1" falsecount="1"/>
        <line num="34" count="4" type="cond" truecount="3" falsecount="1"/>
        <line num="36" count="4" type="stmt"/>
        <line num="40" count="4" type="cond" truecount="2" falsecount="0"/>
        <line num="41" count="4" type="stmt"/>
        <line num="43" count="4" type="stmt"/>
        <line num="45" count="4" type="cond" truecount="1" falsecount="1"/>
        <line num="46" count="0" type="stmt"/>
        <line num="50" count="4" type="stmt"/>
        <line num="52" count="4" type="stmt"/>
        <line num="54" count="4" type="stmt"/>
        <line num="56" count="4" type="stmt"/>
        <line num="58" count="4" type="stmt"/>
        <line num="65" count="4" type="stmt"/>
        <line num="66" count="4" type="stmt"/>
        <line num="69" count="4" type="stmt"/>
        <line num="72" count="3" type="stmt"/>
        <line num="77" count="4" type="stmt"/>
        <line num="78" count="4" type="stmt"/>
        <line num="79" count="4" type="stmt"/>
        <line num="80" count="4" type="stmt"/>
      </file>
    </package>
  </project>
</coverage>
