{"/Users/fuzzcore/Desktop/fuzznets/fuzzcard/npm-packages/nodejs-cryptokit/src/index.ts": {"path":"/Users/fuzzcore/Desktop/fuzznets/fuzzcard/npm-packages/nodejs-cryptokit/src/index.ts","statementMap":{"0":{"start":{"line":1,"column":0},"end":{"line":1,"column":113}},"1":{"start":{"line":3,"column":0},"end":{"line":3,"column":45}},"2":{"start":{"line":4,"column":0},"end":{"line":4,"column":51}},"3":{"start":{"line":5,"column":0},"end":{"line":5,"column":49}},"4":{"start":{"line":7,"column":0},"end":{"line":7,"column":42}},"5":{"start":{"line":8,"column":0},"end":{"line":8,"column":49}},"6":{"start":{"line":16,"column":2},"end":{"line":20,"column":null}},"7":{"start":{"line":17,"column":4},"end":{"line":17,"column":47}},"8":{"start":{"line":19,"column":4},"end":{"line":19,"column":26}},"9":{"start":{"line":22,"column":2},"end":{"line":28,"column":null}},"10":{"start":{"line":23,"column":29},"end":{"line":23,"column":64}},"11":{"start":{"line":25,"column":4},"end":{"line":25,"column":47}},"12":{"start":{"line":27,"column":4},"end":{"line":27,"column":16}},"13":{"start":{"line":14,"column":0},"end":{"line":14,"column":16}},"14":{"start":{"line":33,"column":2},"end":{"line":37,"column":null}},"15":{"start":{"line":34,"column":4},"end":{"line":34,"column":47}},"16":{"start":{"line":36,"column":4},"end":{"line":36,"column":26}},"17":{"start":{"line":40,"column":2},"end":{"line":44,"column":null}},"18":{"start":{"line":41,"column":4},"end":{"line":41,"column":53}},"19":{"start":{"line":43,"column":4},"end":{"line":43,"column":30}},"20":{"start":{"line":46,"column":23},"end":{"line":46,"column":74}},"21":{"start":{"line":48,"column":2},"end":{"line":48,"column":22}},"22":{"start":{"line":31,"column":0},"end":{"line":31,"column":16}},"23":{"start":{"line":53,"column":2},"end":{"line":57,"column":null}},"24":{"start":{"line":54,"column":4},"end":{"line":54,"column":55}},"25":{"start":{"line":56,"column":4},"end":{"line":56,"column":32}},"26":{"start":{"line":60,"column":2},"end":{"line":66,"column":null}},"27":{"start":{"line":61,"column":4},"end":{"line":61,"column":68}},"28":{"start":{"line":62,"column":9},"end":{"line":66,"column":null}},"29":{"start":{"line":63,"column":4},"end":{"line":63,"column":71}},"30":{"start":{"line":65,"column":4},"end":{"line":65,"column":70}},"31":{"start":{"line":68,"column":27},"end":{"line":68,"column":59}},"32":{"start":{"line":70,"column":21},"end":{"line":70,"column":51}},"33":{"start":{"line":71,"column":18},"end":{"line":71,"column":19}},"34":{"start":{"line":72,"column":20},"end":{"line":72,"column":22}},"35":{"start":{"line":73,"column":2},"end":{"line":81,"column":null}},"36":{"start":{"line":73,"column":15},"end":{"line":73,"column":16}},"37":{"start":{"line":74,"column":4},"end":{"line":74,"column":19}},"38":{"start":{"line":75,"column":4},"end":{"line":75,"column":39}},"39":{"start":{"line":76,"column":4},"end":{"line":80,"column":null}},"40":{"start":{"line":77,"column":6},"end":{"line":77,"column":41}},"41":{"start":{"line":78,"column":6},"end":{"line":78,"column":20}},"42":{"start":{"line":79,"column":6},"end":{"line":79,"column":23}},"43":{"start":{"line":82,"column":2},"end":{"line":84,"column":null}},"44":{"start":{"line":83,"column":4},"end":{"line":83,"column":39}},"45":{"start":{"line":85,"column":2},"end":{"line":85,"column":45}},"46":{"start":{"line":87,"column":2},"end":{"line":93,"column":null}},"47":{"start":{"line":88,"column":22},"end":{"line":88,"column":60}},"48":{"start":{"line":90,"column":4},"end":{"line":90,"column":21}},"49":{"start":{"line":92,"column":4},"end":{"line":92,"column":16}},"50":{"start":{"line":51,"column":0},"end":{"line":51,"column":16}},"51":{"start":{"line":101,"column":23},"end":{"line":101,"column":48}},"52":{"start":{"line":104,"column":2},"end":{"line":114,"column":null}},"53":{"start":{"line":105,"column":4},"end":{"line":111,"column":null}},"54":{"start":{"line":106,"column":6},"end":{"line":106,"column":30}},"55":{"start":{"line":107,"column":11},"end":{"line":111,"column":null}},"56":{"start":{"line":108,"column":6},"end":{"line":108,"column":53}},"57":{"start":{"line":110,"column":6},"end":{"line":110,"column":52}},"58":{"start":{"line":113,"column":4},"end":{"line":113,"column":39}},"59":{"start":{"line":116,"column":23},"end":{"line":120,"column":4}},"60":{"start":{"line":122,"column":2},"end":{"line":122,"column":55}},"61":{"start":{"line":125,"column":17},"end":{"line":125,"column":19}},"62":{"start":{"line":126,"column":22},"end":{"line":126,"column":24}},"63":{"start":{"line":133,"column":23},"end":{"line":133,"column":66}},"64":{"start":{"line":135,"column":13},"end":{"line":135,"column":34}},"65":{"start":{"line":136,"column":17},"end":{"line":138,"column":4}},"66":{"start":{"line":139,"column":26},"end":{"line":139,"column":89}},"67":{"start":{"line":140,"column":14},"end":{"line":140,"column":33}},"68":{"start":{"line":141,"column":27},"end":{"line":141,"column":68}},"69":{"start":{"line":143,"column":2},"end":{"line":143,"column":114}},"70":{"start":{"line":128,"column":0},"end":{"line":128,"column":16}},"71":{"start":{"line":153,"column":2},"end":{"line":157,"column":null}},"72":{"start":{"line":154,"column":4},"end":{"line":154,"column":67}},"73":{"start":{"line":156,"column":4},"end":{"line":156,"column":44}},"74":{"start":{"line":159,"column":23},"end":{"line":159,"column":84}},"75":{"start":{"line":161,"column":37},"end":{"line":161,"column":64}},"76":{"start":{"line":162,"column":13},"end":{"line":162,"column":52}},"77":{"start":{"line":163,"column":24},"end":{"line":163,"column":104}},"78":{"start":{"line":164,"column":14},"end":{"line":164,"column":112}},"79":{"start":{"line":165,"column":19},"end":{"line":167,"column":4}},"80":{"start":{"line":168,"column":2},"end":{"line":168,"column":27}},"81":{"start":{"line":169,"column":20},"end":{"line":169,"column":93}},"82":{"start":{"line":171,"column":2},"end":{"line":171,"column":19}},"83":{"start":{"line":146,"column":0},"end":{"line":146,"column":16}}},"fnMap":{"0":{"name":"signMessage","decl":{"start":{"line":14,"column":16},"end":{"line":14,"column":27}},"loc":{"start":{"line":14,"column":75},"end":{"line":29,"column":1}}},"1":{"name":"verifySignature","decl":{"start":{"line":31,"column":16},"end":{"line":31,"column":31}},"loc":{"start":{"line":31,"column":106},"end":{"line":49,"column":1}}},"2":{"name":"formatiOSPublicKey","decl":{"start":{"line":51,"column":16},"end":{"line":51,"column":34}},"loc":{"start":{"line":51,"column":107},"end":{"line":94,"column":1}}},"3":{"name":"generateSymmetricKey","decl":{"start":{"line":96,"column":9},"end":{"line":96,"column":29}},"loc":{"start":{"line":99,"column":24},"end":{"line":123,"column":1}}},"4":{"name":"encryptWithSymmetricKey","decl":{"start":{"line":128,"column":16},"end":{"line":128,"column":39}},"loc":{"start":{"line":131,"column":22},"end":{"line":144,"column":1}}},"5":{"name":"decryptWithSymmetricKey","decl":{"start":{"line":146,"column":16},"end":{"line":146,"column":39}},"loc":{"start":{"line":150,"column":35},"end":{"line":172,"column":1}}}},"branchMap":{"0":{"loc":{"start":{"line":16,"column":2},"end":{"line":20,"column":null}},"type":"if","locations":[{"start":{"line":16,"column":2},"end":{"line":20,"column":null}},{"start":{"line":16,"column":2},"end":{"line":20,"column":null}}]},"1":{"loc":{"start":{"line":33,"column":2},"end":{"line":37,"column":null}},"type":"if","locations":[{"start":{"line":33,"column":2},"end":{"line":37,"column":null}},{"start":{"line":33,"column":2},"end":{"line":37,"column":null}}]},"2":{"loc":{"start":{"line":40,"column":2},"end":{"line":44,"column":null}},"type":"if","locations":[{"start":{"line":40,"column":2},"end":{"line":44,"column":null}},{"start":{"line":40,"column":2},"end":{"line":44,"column":null}}]},"3":{"loc":{"start":{"line":53,"column":2},"end":{"line":57,"column":null}},"type":"if","locations":[{"start":{"line":53,"column":2},"end":{"line":57,"column":null}},{"start":{"line":53,"column":2},"end":{"line":57,"column":null}}]},"4":{"loc":{"start":{"line":60,"column":2},"end":{"line":66,"column":null}},"type":"if","locations":[{"start":{"line":60,"column":2},"end":{"line":66,"column":null}},{"start":{"line":60,"column":2},"end":{"line":66,"column":null}}]},"5":{"loc":{"start":{"line":62,"column":9},"end":{"line":66,"column":null}},"type":"if","locations":[{"start":{"line":62,"column":9},"end":{"line":66,"column":null}},{"start":{"line":62,"column":9},"end":{"line":66,"column":null}}]},"6":{"loc":{"start":{"line":76,"column":4},"end":{"line":80,"column":null}},"type":"if","locations":[{"start":{"line":76,"column":4},"end":{"line":80,"column":null}},{"start":{"line":76,"column":4},"end":{"line":80,"column":null}}]},"7":{"loc":{"start":{"line":82,"column":2},"end":{"line":84,"column":null}},"type":"if","locations":[{"start":{"line":82,"column":2},"end":{"line":84,"column":null}},{"start":{"line":82,"column":2},"end":{"line":84,"column":null}}]},"8":{"loc":{"start":{"line":104,"column":2},"end":{"line":114,"column":null}},"type":"if","locations":[{"start":{"line":104,"column":2},"end":{"line":114,"column":null}},{"start":{"line":104,"column":2},"end":{"line":114,"column":null}}]},"9":{"loc":{"start":{"line":105,"column":4},"end":{"line":111,"column":null}},"type":"if","locations":[{"start":{"line":105,"column":4},"end":{"line":111,"column":null}},{"start":{"line":105,"column":4},"end":{"line":111,"column":null}}]},"10":{"loc":{"start":{"line":107,"column":11},"end":{"line":111,"column":null}},"type":"if","locations":[{"start":{"line":107,"column":11},"end":{"line":111,"column":null}},{"start":{"line":107,"column":11},"end":{"line":111,"column":null}}]},"11":{"loc":{"start":{"line":153,"column":2},"end":{"line":157,"column":null}},"type":"if","locations":[{"start":{"line":153,"column":2},"end":{"line":157,"column":null}},{"start":{"line":153,"column":2},"end":{"line":157,"column":null}}]}},"s":{"0":3,"1":3,"2":3,"3":3,"4":3,"5":3,"6":2,"7":2,"8":0,"9":2,"10":2,"11":2,"12":0,"13":3,"14":4,"15":4,"16":0,"17":4,"18":4,"19":0,"20":4,"21":4,"22":3,"23":18,"24":18,"25":0,"26":18,"27":6,"28":12,"29":6,"30":6,"31":18,"32":18,"33":18,"34":18,"35":18,"36":18,"37":1464,"38":1464,"39":1464,"40":6,"41":6,"42":6,"43":18,"44":18,"45":18,"46":18,"47":18,"48":18,"49":0,"50":3,"51":4,"52":4,"53":2,"54":0,"55":2,"56":2,"57":0,"58":2,"59":4,"60":4,"61":3,"62":3,"63":2,"64":2,"65":2,"66":2,"67":2,"68":2,"69":2,"70":3,"71":2,"72":2,"73":0,"74":2,"75":2,"76":2,"77":2,"78":2,"79":2,"80":2,"81":2,"82":2,"83":3},"f":{"0":2,"1":4,"2":18,"3":4,"4":2,"5":2},"b":{"0":[2,0],"1":[4,0],"2":[4,0],"3":[18,0],"4":[6,12],"5":[6,6],"6":[6,1458],"7":[18,0],"8":[2,2],"9":[0,2],"10":[2,0],"11":[2,0]}}
,"/Users/fuzzcore/Desktop/fuzznets/fuzzcard/npm-packages/nodejs-cryptokit/src/utils/Ed25519.ts": {"path":"/Users/fuzzcore/Desktop/fuzznets/fuzzcard/npm-packages/nodejs-cryptokit/src/utils/Ed25519.ts","statementMap":{"0":{"start":{"line":1,"column":0},"end":{"line":1,"column":28}},"1":{"start":{"line":2,"column":0},"end":{"line":2,"column":72}},"2":{"start":{"line":3,"column":0},"end":{"line":3,"column":null}},"3":{"start":{"line":12,"column":0},"end":{"line":12,"column":41}},"4":{"start":{"line":14,"column":13},"end":{"line":14,"column":21}},"5":{"start":{"line":15,"column":18},"end":{"line":15,"column":31}},"6":{"start":{"line":18,"column":2},"end":{"line":20,"column":null}},"7":{"start":{"line":19,"column":4},"end":{"line":19,"column":47}},"8":{"start":{"line":22,"column":13},"end":{"line":22,"column":57}},"9":{"start":{"line":23,"column":15},"end":{"line":26,"column":18}},"10":{"start":{"line":28,"column":22},"end":{"line":37,"column":4}},"11":{"start":{"line":39,"column":27},"end":{"line":39,"column":70}},"12":{"start":{"line":40,"column":17},"end":{"line":40,"column":52}},"13":{"start":{"line":41,"column":33},"end":{"line":41,"column":64}},"14":{"start":{"line":42,"column":32},"end":{"line":42,"column":87}},"15":{"start":{"line":44,"column":25},"end":{"line":44,"column":56}},"16":{"start":{"line":45,"column":24},"end":{"line":45,"column":54}},"17":{"start":{"line":47,"column":2},"end":{"line":47,"column":85}},"18":{"start":{"line":48,"column":2},"end":{"line":48,"column":54}},"19":{"start":{"line":49,"column":18},"end":{"line":49,"column":90}},"20":{"start":{"line":50,"column":2},"end":{"line":50,"column":23}},"21":{"start":{"line":52,"column":2},"end":{"line":52,"column":43}},"22":{"start":{"line":17,"column":0},"end":{"line":17,"column":16}},"23":{"start":{"line":56,"column":25},"end":{"line":59,"column":18}},"24":{"start":{"line":60,"column":32},"end":{"line":60,"column":62}},"25":{"start":{"line":61,"column":37},"end":{"line":61,"column":69}},"26":{"start":{"line":62,"column":33},"end":{"line":62,"column":67}},"27":{"start":{"line":63,"column":35},"end":{"line":63,"column":71}},"28":{"start":{"line":64,"column":30},"end":{"line":64,"column":77}},"29":{"start":{"line":65,"column":29},"end":{"line":65,"column":106}},"30":{"start":{"line":66,"column":31},"end":{"line":66,"column":77}},"31":{"start":{"line":67,"column":21},"end":{"line":67,"column":86}},"32":{"start":{"line":68,"column":27},"end":{"line":68,"column":64}},"33":{"start":{"line":70,"column":2},"end":{"line":70,"column":26}},"34":{"start":{"line":55,"column":0},"end":{"line":55,"column":16}},"35":{"start":{"line":74,"column":31},"end":{"line":74,"column":61}},"36":{"start":{"line":75,"column":26},"end":{"line":75,"column":72}},"37":{"start":{"line":77,"column":2},"end":{"line":77,"column":25}},"38":{"start":{"line":73,"column":0},"end":{"line":73,"column":16}},"39":{"start":{"line":81,"column":31},"end":{"line":81,"column":33}},"40":{"start":{"line":82,"column":25},"end":{"line":82,"column":113}},"41":{"start":{"line":83,"column":13},"end":{"line":83,"column":86}}},"fnMap":{"0":{"name":"generateEd25519Keys","decl":{"start":{"line":17,"column":16},"end":{"line":17,"column":35}},"loc":{"start":{"line":17,"column":54},"end":{"line":53,"column":1}}},"1":{"name":"loadEd25519PrivateKeyObject","decl":{"start":{"line":55,"column":16},"end":{"line":55,"column":43}},"loc":{"start":{"line":55,"column":60},"end":{"line":71,"column":1}}},"2":{"name":"loadEd25519PublicKeyObject","decl":{"start":{"line":73,"column":16},"end":{"line":73,"column":42}},"loc":{"start":{"line":73,"column":59},"end":{"line":78,"column":1}}}},"branchMap":{"0":{"loc":{"start":{"line":18,"column":2},"end":{"line":20,"column":null}},"type":"if","locations":[{"start":{"line":18,"column":2},"end":{"line":20,"column":null}},{"start":{"line":18,"column":2},"end":{"line":20,"column":null}}]}},"s":{"0":4,"1":4,"2":4,"3":4,"4":4,"5":4,"6":1,"7":1,"8":1,"9":1,"10":1,"11":1,"12":1,"13":1,"14":1,"15":1,"16":1,"17":1,"18":1,"19":1,"20":1,"21":1,"22":4,"23":2,"24":2,"25":2,"26":2,"27":2,"28":2,"29":2,"30":2,"31":2,"32":2,"33":2,"34":4,"35":2,"36":2,"37":2,"38":4,"39":4,"40":4,"41":4},"f":{"0":1,"1":2,"2":2},"b":{"0":[1,0]}}
,"/Users/fuzzcore/Desktop/fuzznets/fuzzcard/npm-packages/nodejs-cryptokit/src/utils/P256.ts": {"path":"/Users/fuzzcore/Desktop/fuzznets/fuzzcard/npm-packages/nodejs-cryptokit/src/utils/P256.ts","statementMap":{"0":{"start":{"line":1,"column":0},"end":{"line":1,"column":72}},"1":{"start":{"line":2,"column":0},"end":{"line":2,"column":80}},"2":{"start":{"line":3,"column":0},"end":{"line":3,"column":28}},"3":{"start":{"line":4,"column":0},"end":{"line":4,"column":41}},"4":{"start":{"line":6,"column":18},"end":{"line":6,"column":31}},"5":{"start":{"line":9,"column":2},"end":{"line":11,"column":null}},"6":{"start":{"line":10,"column":4},"end":{"line":10,"column":47}},"7":{"start":{"line":13,"column":19},"end":{"line":25,"column":4}},"8":{"start":{"line":27,"column":25},"end":{"line":27,"column":56}},"9":{"start":{"line":28,"column":24},"end":{"line":28,"column":54}},"10":{"start":{"line":30,"column":2},"end":{"line":30,"column":53}},"11":{"start":{"line":31,"column":2},"end":{"line":31,"column":51}},"12":{"start":{"line":32,"column":18},"end":{"line":32,"column":90}},"13":{"start":{"line":33,"column":2},"end":{"line":33,"column":23}},"14":{"start":{"line":35,"column":2},"end":{"line":35,"column":43}},"15":{"start":{"line":8,"column":0},"end":{"line":8,"column":16}},"16":{"start":{"line":39,"column":18},"end":{"line":39,"column":48}},"17":{"start":{"line":40,"column":27},"end":{"line":45,"column":4}},"18":{"start":{"line":47,"column":2},"end":{"line":47,"column":26}},"19":{"start":{"line":38,"column":0},"end":{"line":38,"column":16}},"20":{"start":{"line":51,"column":18},"end":{"line":51,"column":48}},"21":{"start":{"line":52,"column":26},"end":{"line":52,"column":59}},"22":{"start":{"line":54,"column":2},"end":{"line":54,"column":25}},"23":{"start":{"line":50,"column":0},"end":{"line":50,"column":16}},"24":{"start":{"line":58,"column":22},"end":{"line":85,"column":2}},"25":{"start":{"line":86,"column":25},"end":{"line":86,"column":27}},"26":{"start":{"line":87,"column":13},"end":{"line":87,"column":74}}},"fnMap":{"0":{"name":"generateP256Keys","decl":{"start":{"line":8,"column":16},"end":{"line":8,"column":32}},"loc":{"start":{"line":8,"column":51},"end":{"line":36,"column":1}}},"1":{"name":"loadP256PrivateKeyObject","decl":{"start":{"line":38,"column":16},"end":{"line":38,"column":40}},"loc":{"start":{"line":38,"column":57},"end":{"line":48,"column":1}}},"2":{"name":"loadP256PublicKeyObject","decl":{"start":{"line":50,"column":16},"end":{"line":50,"column":39}},"loc":{"start":{"line":50,"column":56},"end":{"line":55,"column":1}}}},"branchMap":{"0":{"loc":{"start":{"line":9,"column":2},"end":{"line":11,"column":null}},"type":"if","locations":[{"start":{"line":9,"column":2},"end":{"line":11,"column":null}},{"start":{"line":9,"column":2},"end":{"line":11,"column":null}}]}},"s":{"0":4,"1":4,"2":4,"3":4,"4":4,"5":1,"6":1,"7":1,"8":1,"9":1,"10":1,"11":1,"12":1,"13":1,"14":1,"15":4,"16":3,"17":3,"18":3,"19":4,"20":2,"21":2,"22":2,"23":4,"24":4,"25":4,"26":4},"f":{"0":1,"1":3,"2":2},"b":{"0":[1,0]}}
,"/Users/fuzzcore/Desktop/fuzznets/fuzzcard/npm-packages/nodejs-cryptokit/src/utils/X25519.ts": {"path":"/Users/fuzzcore/Desktop/fuzznets/fuzzcard/npm-packages/nodejs-cryptokit/src/utils/X25519.ts","statementMap":{"0":{"start":{"line":1,"column":0},"end":{"line":1,"column":28}},"1":{"start":{"line":2,"column":0},"end":{"line":2,"column":72}},"2":{"start":{"line":3,"column":0},"end":{"line":3,"column":118}},"3":{"start":{"line":4,"column":0},"end":{"line":4,"column":41}},"4":{"start":{"line":6,"column":0},"end":{"line":6,"column":56}},"5":{"start":{"line":8,"column":13},"end":{"line":8,"column":21}},"6":{"start":{"line":9,"column":18},"end":{"line":9,"column":31}},"7":{"start":{"line":12,"column":2},"end":{"line":14,"column":null}},"8":{"start":{"line":13,"column":4},"end":{"line":13,"column":47}},"9":{"start":{"line":16,"column":13},"end":{"line":16,"column":57}},"10":{"start":{"line":17,"column":15},"end":{"line":20,"column":18}},"11":{"start":{"line":22,"column":36},"end":{"line":22,"column":52}},"12":{"start":{"line":24,"column":27},"end":{"line":24,"column":58}},"13":{"start":{"line":25,"column":17},"end":{"line":25,"column":52}},"14":{"start":{"line":26,"column":33},"end":{"line":26,"column":64}},"15":{"start":{"line":27,"column":32},"end":{"line":27,"column":87}},"16":{"start":{"line":29,"column":25},"end":{"line":29,"column":56}},"17":{"start":{"line":30,"column":24},"end":{"line":30,"column":54}},"18":{"start":{"line":32,"column":2},"end":{"line":32,"column":85}},"19":{"start":{"line":33,"column":2},"end":{"line":33,"column":42}},"20":{"start":{"line":34,"column":18},"end":{"line":34,"column":90}},"21":{"start":{"line":35,"column":2},"end":{"line":35,"column":23}},"22":{"start":{"line":37,"column":2},"end":{"line":37,"column":43}},"23":{"start":{"line":11,"column":0},"end":{"line":11,"column":16}},"24":{"start":{"line":41,"column":25},"end":{"line":44,"column":18}},"25":{"start":{"line":45,"column":32},"end":{"line":45,"column":62}},"26":{"start":{"line":46,"column":37},"end":{"line":46,"column":69}},"27":{"start":{"line":47,"column":33},"end":{"line":47,"column":67}},"28":{"start":{"line":48,"column":35},"end":{"line":48,"column":71}},"29":{"start":{"line":49,"column":30},"end":{"line":49,"column":77}},"30":{"start":{"line":50,"column":29},"end":{"line":50,"column":106}},"31":{"start":{"line":51,"column":31},"end":{"line":51,"column":77}},"32":{"start":{"line":52,"column":21},"end":{"line":52,"column":86}},"33":{"start":{"line":53,"column":27},"end":{"line":55,"column":4}},"34":{"start":{"line":57,"column":2},"end":{"line":57,"column":26}},"35":{"start":{"line":40,"column":0},"end":{"line":40,"column":16}},"36":{"start":{"line":61,"column":31},"end":{"line":61,"column":61}},"37":{"start":{"line":62,"column":26},"end":{"line":62,"column":72}},"38":{"start":{"line":64,"column":2},"end":{"line":64,"column":25}},"39":{"start":{"line":60,"column":0},"end":{"line":60,"column":16}},"40":{"start":{"line":68,"column":31},"end":{"line":68,"column":33}},"41":{"start":{"line":69,"column":24},"end":{"line":69,"column":112}},"42":{"start":{"line":70,"column":13},"end":{"line":70,"column":84}}},"fnMap":{"0":{"name":"generateX25519Keys","decl":{"start":{"line":11,"column":16},"end":{"line":11,"column":34}},"loc":{"start":{"line":11,"column":53},"end":{"line":38,"column":1}}},"1":{"name":"loadX25519PrivateKeyObject","decl":{"start":{"line":40,"column":16},"end":{"line":40,"column":42}},"loc":{"start":{"line":40,"column":59},"end":{"line":58,"column":1}}},"2":{"name":"loadX25519PublicKeyObject","decl":{"start":{"line":60,"column":16},"end":{"line":60,"column":41}},"loc":{"start":{"line":60,"column":58},"end":{"line":65,"column":1}}}},"branchMap":{"0":{"loc":{"start":{"line":12,"column":2},"end":{"line":14,"column":null}},"type":"if","locations":[{"start":{"line":12,"column":2},"end":{"line":14,"column":null}},{"start":{"line":12,"column":2},"end":{"line":14,"column":null}}]}},"s":{"0":4,"1":4,"2":4,"3":4,"4":4,"5":4,"6":4,"7":1,"8":1,"9":1,"10":1,"11":1,"12":1,"13":1,"14":1,"15":1,"16":1,"17":1,"18":1,"19":1,"20":1,"21":1,"22":1,"23":4,"24":3,"25":3,"26":3,"27":3,"28":3,"29":3,"30":3,"31":3,"32":3,"33":3,"34":3,"35":4,"36":1,"37":1,"38":1,"39":4,"40":4,"41":4,"42":4},"f":{"0":1,"1":3,"2":1},"b":{"0":[1,0]}}
,"/Users/fuzzcore/Desktop/fuzznets/fuzzcard/npm-packages/nodejs-cryptokit/src/utils/funcs/diffieHellman.js": {"path":"/Users/fuzzcore/Desktop/fuzznets/fuzzcard/npm-packages/nodejs-cryptokit/src/utils/funcs/diffieHellman.js","statementMap":{"0":{"start":{"line":1,"column":26},"end":{"line":1,"column":43}},"1":{"start":{"line":4,"column":2},"end":{"line":7,"column":5}},"2":{"start":{"line":3,"column":0},"end":{"line":3,"column":16}}},"fnMap":{"0":{"name":"dh","decl":{"start":{"line":3,"column":16},"end":{"line":3,"column":18}},"loc":{"start":{"line":3,"column":40},"end":{"line":8,"column":1}}}},"branchMap":{},"s":{"0":3,"1":4,"2":3},"f":{"0":4},"b":{}}
,"/Users/fuzzcore/Desktop/fuzznets/fuzzcard/npm-packages/nodejs-cryptokit/src/utils/funcs/generateX25519.js": {"path":"/Users/fuzzcore/Desktop/fuzznets/fuzzcard/npm-packages/nodejs-cryptokit/src/utils/funcs/generateX25519.js","statementMap":{"0":{"start":{"line":1,"column":32},"end":{"line":1,"column":49}},"1":{"start":{"line":4,"column":2},"end":{"line":13,"column":5}},"2":{"start":{"line":3,"column":0},"end":{"line":3,"column":16}}},"fnMap":{"0":{"name":"generateX25519","decl":{"start":{"line":3,"column":16},"end":{"line":3,"column":30}},"loc":{"start":{"line":3,"column":30},"end":{"line":14,"column":1}}}},"branchMap":{},"s":{"0":4,"1":1,"2":4},"f":{"0":1},"b":{}}
,"/Users/fuzzcore/Desktop/fuzznets/fuzzcard/npm-packages/nodejs-cryptokit/src/utils/funcs/hkdf.ts": {"path":"/Users/fuzzcore/Desktop/fuzznets/fuzzcard/npm-packages/nodejs-cryptokit/src/utils/funcs/hkdf.ts","statementMap":{"0":{"start":{"line":1,"column":0},"end":{"line":1,"column":36}},"1":{"start":{"line":3,"column":20},"end":{"line":30,"column":1}},"2":{"start":{"line":4,"column":2},"end":{"line":29,"column":null}},"3":{"start":{"line":6,"column":6},"end":{"line":6,"column":16}},"4":{"start":{"line":8,"column":6},"end":{"line":8,"column":16}},"5":{"start":{"line":10,"column":6},"end":{"line":10,"column":16}},"6":{"start":{"line":12,"column":6},"end":{"line":12,"column":16}},"7":{"start":{"line":14,"column":6},"end":{"line":14,"column":16}},"8":{"start":{"line":16,"column":6},"end":{"line":16,"column":16}},"9":{"start":{"line":18,"column":6},"end":{"line":18,"column":16}},"10":{"start":{"line":20,"column":6},"end":{"line":20,"column":16}},"11":{"start":{"line":22,"column":6},"end":{"line":22,"column":16}},"12":{"start":{"line":24,"column":6},"end":{"line":24,"column":16}},"13":{"start":{"line":27,"column":6},"end":{"line":27,"column":16}},"14":{"start":{"line":33,"column":16},"end":{"line":33,"column":61}},"15":{"start":{"line":34,"column":17},"end":{"line":34,"column":84}},"16":{"start":{"line":36,"column":2},"end":{"line":36,"column":57}},"17":{"start":{"line":40,"column":17},"end":{"line":40,"column":40}},"18":{"start":{"line":41,"column":19},"end":{"line":41,"column":32}},"19":{"start":{"line":43,"column":16},"end":{"line":43,"column":44}},"20":{"start":{"line":45,"column":2},"end":{"line":47,"column":null}},"21":{"start":{"line":46,"column":4},"end":{"line":46,"column":73}},"22":{"start":{"line":50,"column":12},"end":{"line":50,"column":57}},"23":{"start":{"line":52,"column":2},"end":{"line":67,"column":null}},"24":{"start":{"line":52,"column":15},"end":{"line":52,"column":16}},"25":{"start":{"line":52,"column":26},"end":{"line":52,"column":27}},"26":{"start":{"line":52,"column":35},"end":{"line":52,"column":36}},"27":{"start":{"line":54,"column":4},"end":{"line":54,"column":24}},"28":{"start":{"line":56,"column":4},"end":{"line":56,"column":26}},"29":{"start":{"line":58,"column":4},"end":{"line":63,"column":20}},"30":{"start":{"line":65,"column":4},"end":{"line":65,"column":16}},"31":{"start":{"line":66,"column":4},"end":{"line":66,"column":20}},"32":{"start":{"line":69,"column":2},"end":{"line":69,"column":28}},"33":{"start":{"line":77,"column":2},"end":{"line":77,"column":45}},"34":{"start":{"line":78,"column":19},"end":{"line":78,"column":36}},"35":{"start":{"line":79,"column":14},"end":{"line":79,"column":53}},"36":{"start":{"line":80,"column":2},"end":{"line":80,"column":56}},"37":{"start":{"line":72,"column":0},"end":{"line":72,"column":16}}},"fnMap":{"0":{"name":"(anonymous_0)","decl":{"start":{"line":3,"column":20},"end":{"line":3,"column":21}},"loc":{"start":{"line":3,"column":37},"end":{"line":30,"column":1}}},"1":{"name":"hkdf_extract","decl":{"start":{"line":32,"column":9},"end":{"line":32,"column":21}},"loc":{"start":{"line":32,"column":97},"end":{"line":37,"column":1}}},"2":{"name":"hkdf_expand","decl":{"start":{"line":39,"column":9},"end":{"line":39,"column":20}},"loc":{"start":{"line":39,"column":112},"end":{"line":70,"column":1}}},"3":{"name":"hkdf","decl":{"start":{"line":72,"column":16},"end":{"line":72,"column":20}},"loc":{"start":{"line":75,"column":62},"end":{"line":81,"column":1}}}},"branchMap":{"0":{"loc":{"start":{"line":5,"column":4},"end":{"line":6,"column":16}},"type":"switch","locations":[{"start":{"line":5,"column":4},"end":{"line":6,"column":16}},{"start":{"line":7,"column":4},"end":{"line":8,"column":16}},{"start":{"line":9,"column":4},"end":{"line":10,"column":16}},{"start":{"line":11,"column":4},"end":{"line":12,"column":16}},{"start":{"line":13,"column":4},"end":{"line":14,"column":16}},{"start":{"line":15,"column":4},"end":{"line":16,"column":16}},{"start":{"line":17,"column":4},"end":{"line":18,"column":16}},{"start":{"line":19,"column":4},"end":{"line":20,"column":16}},{"start":{"line":21,"column":4},"end":{"line":22,"column":16}},{"start":{"line":23,"column":4},"end":{"line":24,"column":16}},{"start":{"line":25,"column":4},"end":{"line":28,"column":null}}]},"1":{"loc":{"start":{"line":33,"column":39},"end":{"line":33,"column":42}},"type":"cond-expr","locations":[{"start":{"line":33,"column":39},"end":{"line":33,"column":42}},{"start":{"line":33,"column":45},"end":{"line":33,"column":61}}]},"2":{"loc":{"start":{"line":34,"column":39},"end":{"line":34,"column":56}},"type":"cond-expr","locations":[{"start":{"line":34,"column":39},"end":{"line":34,"column":56}},{"start":{"line":34,"column":59},"end":{"line":34,"column":84}}]},"3":{"loc":{"start":{"line":34,"column":17},"end":{"line":34,"column":21}},"type":"binary-expr","locations":[{"start":{"line":34,"column":17},"end":{"line":34,"column":21}},{"start":{"line":34,"column":25},"end":{"line":34,"column":36}}]},"4":{"loc":{"start":{"line":40,"column":29},"end":{"line":40,"column":33}},"type":"binary-expr","locations":[{"start":{"line":40,"column":29},"end":{"line":40,"column":33}},{"start":{"line":40,"column":37},"end":{"line":40,"column":39}}]},"5":{"loc":{"start":{"line":45,"column":2},"end":{"line":47,"column":null}},"type":"if","locations":[{"start":{"line":45,"column":2},"end":{"line":47,"column":null}},{"start":{"line":45,"column":2},"end":{"line":47,"column":null}}]},"6":{"loc":{"start":{"line":75,"column":60},"end":{"line":75,"column":62}},"type":"default-arg","locations":[{"start":{"line":75,"column":60},"end":{"line":75,"column":62}}]},"7":{"loc":{"start":{"line":75,"column":11},"end":{"line":75,"column":26}},"type":"default-arg","locations":[{"start":{"line":75,"column":11},"end":{"line":75,"column":26}}]},"8":{"loc":{"start":{"line":75,"column":35},"end":{"line":75,"column":37}},"type":"default-arg","locations":[{"start":{"line":75,"column":35},"end":{"line":75,"column":37}}]},"9":{"loc":{"start":{"line":75,"column":46},"end":{"line":75,"column":55}},"type":"default-arg","locations":[{"start":{"line":75,"column":46},"end":{"line":75,"column":55}}]}},"s":{"0":3,"1":3,"2":4,"3":4,"4":0,"5":0,"6":0,"7":0,"8":0,"9":0,"10":0,"11":0,"12":0,"13":0,"14":4,"15":4,"16":4,"17":4,"18":4,"19":4,"20":4,"21":0,"22":4,"23":4,"24":4,"25":4,"26":4,"27":4,"28":4,"29":4,"30":4,"31":4,"32":4,"33":4,"34":4,"35":4,"36":4,"37":3},"f":{"0":4,"1":4,"2":4,"3":4},"b":{"0":[4,0,0,0,0,0,0,0,0,0,0],"1":[4,0],"2":[4,0],"3":[4,4],"4":[4,4],"5":[0,4],"6":[0],"7":[0],"8":[0],"9":[0]}}
}
