TN:
SF:src/index.ts
FN:14,signMessage
FN:31,verifySignature
FN:51,formatiOSPublicKey
FN:96,generateSymmetricKey
FN:128,encryptWithSymmetricKey
FN:146,decryptWithSymmetricKey
FNF:6
FNH:6
FNDA:2,signMessage
FNDA:4,verifySignature
FNDA:18,formatiOSPublicKey
FNDA:4,generateSymmetricKey
FNDA:2,encryptWithSymmetricKey
FNDA:2,decryptWithSymmetricKey
DA:1,3
DA:3,3
DA:4,3
DA:5,3
DA:7,3
DA:8,3
DA:14,3
DA:16,2
DA:17,2
DA:19,0
DA:22,2
DA:23,2
DA:25,2
DA:27,0
DA:31,3
DA:33,4
DA:34,4
DA:36,0
DA:40,4
DA:41,4
DA:43,0
DA:46,4
DA:48,4
DA:51,3
DA:53,18
DA:54,18
DA:56,0
DA:60,18
DA:61,6
DA:62,12
DA:63,6
DA:65,6
DA:68,18
DA:70,18
DA:71,18
DA:72,18
DA:73,18
DA:74,1464
DA:75,1464
DA:76,1464
DA:77,6
DA:78,6
DA:79,6
DA:82,18
DA:83,18
DA:85,18
DA:87,18
DA:88,18
DA:90,18
DA:92,0
DA:101,4
DA:104,4
DA:105,2
DA:106,0
DA:107,2
DA:108,2
DA:110,0
DA:113,2
DA:116,4
DA:122,4
DA:125,3
DA:126,3
DA:128,3
DA:133,2
DA:135,2
DA:136,2
DA:139,2
DA:140,2
DA:141,2
DA:143,2
DA:146,3
DA:153,2
DA:154,2
DA:156,0
DA:159,2
DA:161,2
DA:162,2
DA:163,2
DA:164,2
DA:165,2
DA:168,2
DA:169,2
DA:171,2
LF:83
LH:74
BRDA:16,0,0,2
BRDA:16,0,1,0
BRDA:33,1,0,4
BRDA:33,1,1,0
BRDA:40,2,0,4
BRDA:40,2,1,0
BRDA:53,3,0,18
BRDA:53,3,1,0
BRDA:60,4,0,6
BRDA:60,4,1,12
BRDA:62,5,0,6
BRDA:62,5,1,6
BRDA:76,6,0,6
BRDA:76,6,1,1458
BRDA:82,7,0,18
BRDA:82,7,1,0
BRDA:104,8,0,2
BRDA:104,8,1,2
BRDA:105,9,0,0
BRDA:105,9,1,2
BRDA:107,10,0,2
BRDA:107,10,1,0
BRDA:153,11,0,2
BRDA:153,11,1,0
BRF:24
BRH:16
end_of_record
TN:
SF:src/utils/Ed25519.ts
FN:17,generateEd25519Keys
FN:54,loadEd25519PrivateKeyObject
FN:72,loadEd25519PublicKeyObject
FNF:3
FNH:3
FNDA:1,generateEd25519Keys
FNDA:2,loadEd25519PrivateKeyObject
FNDA:2,loadEd25519PublicKeyObject
DA:1,4
DA:2,4
DA:3,4
DA:12,4
DA:14,4
DA:15,4
DA:17,4
DA:18,1
DA:19,1
DA:22,1
DA:23,1
DA:28,1
DA:39,1
DA:40,1
DA:41,1
DA:42,1
DA:44,1
DA:45,1
DA:47,1
DA:48,1
DA:49,1
DA:51,1
DA:54,4
DA:55,2
DA:59,2
DA:60,2
DA:61,2
DA:62,2
DA:63,2
DA:64,2
DA:65,2
DA:66,2
DA:67,2
DA:69,2
DA:72,4
DA:73,2
DA:74,2
DA:76,2
DA:80,4
DA:81,4
DA:82,4
LF:41
LH:41
BRDA:18,0,0,1
BRDA:18,0,1,0
BRF:2
BRH:1
end_of_record
TN:
SF:src/utils/P256.ts
FN:8,generateP256Keys
FN:37,loadP256PrivateKeyObject
FN:49,loadP256PublicKeyObject
FNF:3
FNH:3
FNDA:1,generateP256Keys
FNDA:3,loadP256PrivateKeyObject
FNDA:2,loadP256PublicKeyObject
DA:1,4
DA:2,4
DA:3,4
DA:4,4
DA:6,4
DA:8,4
DA:9,1
DA:10,1
DA:13,1
DA:27,1
DA:28,1
DA:30,1
DA:31,1
DA:32,1
DA:34,1
DA:37,4
DA:38,3
DA:39,3
DA:46,3
DA:49,4
DA:50,2
DA:51,2
DA:53,2
DA:57,4
DA:85,4
DA:86,4
LF:26
LH:26
BRDA:9,0,0,1
BRDA:9,0,1,0
BRF:2
BRH:1
end_of_record
TN:
SF:src/utils/X25519.ts
FN:11,generateX25519Keys
FN:39,loadX25519PrivateKeyObject
FN:59,loadX25519PublicKeyObject
FNF:3
FNH:3
FNDA:1,generateX25519Keys
FNDA:3,loadX25519PrivateKeyObject
FNDA:1,loadX25519PublicKeyObject
DA:1,4
DA:2,4
DA:3,4
DA:4,4
DA:6,4
DA:8,4
DA:9,4
DA:11,4
DA:12,1
DA:13,1
DA:16,1
DA:17,1
DA:22,1
DA:24,1
DA:25,1
DA:26,1
DA:27,1
DA:29,1
DA:30,1
DA:32,1
DA:33,1
DA:34,1
DA:36,1
DA:39,4
DA:40,3
DA:44,3
DA:45,3
DA:46,3
DA:47,3
DA:48,3
DA:49,3
DA:50,3
DA:51,3
DA:52,3
DA:56,3
DA:59,4
DA:60,1
DA:61,1
DA:63,1
DA:67,4
DA:68,4
DA:69,4
LF:42
LH:42
BRDA:12,0,0,1
BRDA:12,0,1,0
BRF:2
BRH:1
end_of_record
TN:
SF:src/utils/funcs/diffieHellman.js
FN:3,dh
FNF:1
FNH:1
FNDA:4,dh
DA:1,3
DA:3,3
DA:4,4
LF:3
LH:3
BRF:0
BRH:0
end_of_record
TN:
SF:src/utils/funcs/generateX25519.js
FN:3,generateX25519
FNF:1
FNH:1
FNDA:1,generateX25519
DA:1,4
DA:3,4
DA:4,1
LF:3
LH:3
BRF:0
BRH:0
end_of_record
TN:
SF:src/utils/funcs/hkdf.ts
FN:3,(anonymous_0)
FN:32,hkdfExtract
FN:39,hkdfExpand
FN:72,hkdf
FNF:4
FNH:4
FNDA:4,(anonymous_0)
FNDA:4,hkdfExtract
FNDA:4,hkdfExpand
FNDA:4,hkdf
DA:1,3
DA:3,3
DA:4,4
DA:6,4
DA:8,0
DA:10,0
DA:12,0
DA:14,0
DA:16,0
DA:18,0
DA:20,0
DA:22,0
DA:24,0
DA:27,0
DA:33,4
DA:34,4
DA:36,4
DA:40,4
DA:41,4
DA:43,4
DA:45,4
DA:46,0
DA:50,4
DA:52,4
DA:54,4
DA:56,4
DA:58,4
DA:65,4
DA:66,4
DA:69,4
DA:72,3
DA:77,4
DA:78,4
DA:79,4
DA:80,4
LF:35
LH:24
BRDA:5,0,0,4
BRDA:5,0,1,0
BRDA:5,0,2,0
BRDA:5,0,3,0
BRDA:5,0,4,0
BRDA:5,0,5,0
BRDA:5,0,6,0
BRDA:5,0,7,0
BRDA:5,0,8,0
BRDA:5,0,9,0
BRDA:5,0,10,0
BRDA:33,1,0,4
BRDA:33,1,1,0
BRDA:34,2,0,4
BRDA:34,2,1,0
BRDA:34,3,0,4
BRDA:34,3,1,4
BRDA:40,4,0,4
BRDA:40,4,1,4
BRDA:45,5,0,0
BRDA:45,5,1,4
BRDA:75,6,0,0
BRDA:75,7,0,0
BRDA:75,8,0,0
BRDA:75,9,0,0
BRF:25
BRH:8
end_of_record
